
2025-08-01 02:10:34.1248 ************** DrxTransfer started **************

2025-08-01 02:10:34.0870 4.0.4648.0  17728+1  Info         ApplicationStarted -  Application started  [unknown :unknown] 

2025-08-01 02:10:34.3343 ************** DrxTransfer closed **************

2025-08-01 02:10:58.3713 4.0.4648.0  19236+1  Info         ApplicationStarted -  Application started  [unknown :unknown] 
2025-08-01 02:10:58.6407 4.0.4648.0  19236+7  Error .IntegrationServiceClient -  File not found: c:\git_repo\rx-util-transfer-net-core\DrxTransfer\bin\Debug\netcoreapp3.1\_ConfigSettings.xml Contact your system administrator [unknown :unknown] 
System.IO.FileNotFoundException: File not found: c:\git_repo\rx-util-transfer-net-core\DrxTransfer\bin\Debug\netcoreapp3.1\_ConfigSettings.xml
   at DrxTransfer.ConfigSettingsService.GetConfigSettingsValueByName(String name, String defaultValue) in C:\git_repo\rx-util-transfer-net-core\DrxTransfer\ConfigSettingsService.cs:line 80
   at DrxTransfer.IntegrationServiceClient.Setup(String userName, String password, String serviceUrl) in C:\git_repo\rx-util-transfer-net-core\DrxTransfer\IntegrationServiceClient.cs:line 148

2025-08-01 02:10:58.6736 ************** DrxTransfer closed **************

2025-08-01 02:13:15.6651 4.0.4648.0  11144+1  Info         ApplicationStarted -  Application started  [unknown :unknown] 
2025-08-01 02:13:15.8234 4.0.4648.0  11144+6  Debug rxTransfer.TransferEngine -  Загрузка сериализатора  [unknown :unknown] 
2025-08-01 02:13:15.8582 4.0.4648.0  11144+6  Error rxTransfer.TransferEngine -  Ошибка при загрузке сериализаторов Contact your system administrator [unknown :unknown] 
System.IO.InvalidDataException: Ошибка при загрузке сериализаторов
 ---> System.IO.DirectoryNotFoundException: Could not find a part of the path 'C:\GIT_REPO\RX-UTIL-TRANSFER-NET-CORE\DRXTRANSFER\BIN\DEBUG\NETCOREAPP3.1\ENTITIES'.
   at System.IO.Enumeration.FileSystemEnumerator`1.CreateDirectoryHandle(String path, Boolean ignoreNotFound)
   at System.IO.Enumeration.FileSystemEnumerator`1.Init()
   at System.IO.Enumeration.FileSystemEnumerator`1..ctor(String directory, Boolean isNormalized, EnumerationOptions options)
   at System.IO.Enumeration.FileSystemEnumerable`1..ctor(String directory, FindTransform transform, EnumerationOptions options, Boolean isNormalized)
   at System.IO.Enumeration.FileSystemEnumerableFactory.UserFiles(String directory, String expression, EnumerationOptions options)
   at System.IO.Directory.InternalEnumeratePaths(String path, String searchPattern, SearchTarget searchTarget, EnumerationOptions options)
   at System.IO.Directory.GetFiles(String path, String searchPattern)
   at System.ComponentModel.Composition.Hosting.DirectoryCatalog.GetFiles()
   at System.ComponentModel.Composition.Hosting.DirectoryCatalog.Initialize(String path, String searchPattern)
   at System.ComponentModel.Composition.Hosting.DirectoryCatalog..ctor(String path, String searchPattern)
   at System.ComponentModel.Composition.Hosting.DirectoryCatalog..ctor(String path)
   at DrxTransfer.SerializersRepository.LoadSerializers() in C:\git_repo\rx-util-transfer-net-core\DrxTransfer\SerializersRepository.cs:line 59
   --- End of inner exception stack trace ---
   at DrxTransfer.SerializersRepository.LoadSerializers() in C:\git_repo\rx-util-transfer-net-core\DrxTransfer\SerializersRepository.cs:line 66
   at DrxTransfer.SerializersRepository..ctor() in C:\git_repo\rx-util-transfer-net-core\DrxTransfer\SerializersRepository.cs:line 74
   at DrxTransfer.SerializersRepository.get_Instance() in C:\git_repo\rx-util-transfer-net-core\DrxTransfer\SerializersRepository.cs:line 23
   at DrxTransfer.TransferEngine.Export(String filePath, String entityType) in C:\git_repo\rx-util-transfer-net-core\DrxTransfer\TransferEngine.cs:line 102

2025-08-01 02:13:15.8919 ************** DrxTransfer closed **************

